<?xml version="1.0" encoding="UTF-8"?>
<!-- Generated by org.testng.reporters.JUnitXMLReporter -->
<testsuite ignored="0" hostname="DESKTOP-1Q7D8OU" failures="0" tests="3" name="Default test" time="37.935" errors="0" timestamp="2022-02-24T12:36:14 IST">
  <testcase classname="cashWrapTest.TestCashWrapLoginPage" name="loginCashWrap" time="23.078"/>
  <testcase classname="cashWrapTest.TestCashWrapLoginPage" name="addItemToCart" time="2.66"/>
  <testcase classname="cashWrapTest.TestCashWrapLoginPage" name="payToItems" time="1.538"/>
</testsuite> <!-- Default test -->
