<?xml version="1.0" encoding="UTF-8"?>
<testng-results ignored="0" total="3" passed="3" failed="0" skipped="0">
  <reporter-output>
  </reporter-output>
  <suite started-at="2022-02-24T12:35:36 IST" name="Default suite" finished-at="2022-02-24T12:36:14 IST" duration-ms="37935">
    <groups>
    </groups>
    <test started-at="2022-02-24T12:35:36 IST" name="Default test" finished-at="2022-02-24T12:36:14 IST" duration-ms="37935">
      <class name="cashWrapTest.TestCashWrapLoginPage">
        <test-method is-config="true" signature="LaunchBrowser()[pri:0, instance:cashWrapTest.TestCashWrapLoginPage@1aa7ecca]" started-at="2022-02-24T12:35:36 IST" name="LaunchBrowser" finished-at="2022-02-24T12:35:44 IST" duration-ms="7788" status="PASS">
          <reporter-output>
          </reporter-output>
        </test-method> <!-- LaunchBrowser -->
        <test-method signature="loginCashWrap(java.lang.String,java.lang.String)[pri:0, instance:cashWrapTest.TestCashWrapLoginPage@1aa7ecca]" started-at="2022-02-24T12:35:45 IST" name="loginCashWrap" data-provider="LoginData" finished-at="2022-02-24T12:36:08 IST" duration-ms="23078" status="PASS">
          <params>
            <param index="0">
              <value>
                <![CDATA[sa]]>
              </value>
            </param>
            <param index="1">
              <value>
                <![CDATA[@stra]]>
              </value>
            </param>
          </params>
          <reporter-output>
          </reporter-output>
        </test-method> <!-- loginCashWrap -->
        <test-method is-config="true" signature="getResult(org.testng.ITestResult)[pri:0, instance:cashWrapTest.TestCashWrapLoginPage@1aa7ecca]" started-at="2022-02-24T12:36:08 IST" name="getResult" finished-at="2022-02-24T12:36:08 IST" duration-ms="206" status="PASS">
          <params>
            <param index="0">
              <value>
                <![CDATA[[TestResult name=loginCashWrap status=SUCCESS method=TestCashWrapLoginPage.loginCashWrap(java.lang.String,java.lang.String)[pri:0, instance:cashWrapTest.TestCashWrapLoginPage@1aa7ecca] output={null}]]]>
              </value>
            </param>
          </params>
          <reporter-output>
          </reporter-output>
        </test-method> <!-- getResult -->
        <test-method signature="addItemToCart()[pri:1, instance:cashWrapTest.TestCashWrapLoginPage@1aa7ecca]" started-at="2022-02-24T12:36:08 IST" name="addItemToCart" finished-at="2022-02-24T12:36:11 IST" duration-ms="2660" status="PASS">
          <reporter-output>
          </reporter-output>
        </test-method> <!-- addItemToCart -->
        <test-method is-config="true" signature="getResult(org.testng.ITestResult)[pri:0, instance:cashWrapTest.TestCashWrapLoginPage@1aa7ecca]" started-at="2022-02-24T12:36:11 IST" name="getResult" finished-at="2022-02-24T12:36:11 IST" duration-ms="267" status="PASS">
          <params>
            <param index="0">
              <value>
                <![CDATA[[TestResult name=addItemToCart status=SUCCESS method=TestCashWrapLoginPage.addItemToCart()[pri:1, instance:cashWrapTest.TestCashWrapLoginPage@1aa7ecca] output={null}]]]>
              </value>
            </param>
          </params>
          <reporter-output>
          </reporter-output>
        </test-method> <!-- getResult -->
        <test-method signature="payToItems()[pri:2, instance:cashWrapTest.TestCashWrapLoginPage@1aa7ecca]" started-at="2022-02-24T12:36:11 IST" name="payToItems" finished-at="2022-02-24T12:36:12 IST" duration-ms="1538" status="PASS">
          <reporter-output>
          </reporter-output>
        </test-method> <!-- payToItems -->
        <test-method is-config="true" signature="getResult(org.testng.ITestResult)[pri:0, instance:cashWrapTest.TestCashWrapLoginPage@1aa7ecca]" started-at="2022-02-24T12:36:12 IST" name="getResult" finished-at="2022-02-24T12:36:13 IST" duration-ms="669" status="PASS">
          <params>
            <param index="0">
              <value>
                <![CDATA[[TestResult name=payToItems status=SUCCESS method=TestCashWrapLoginPage.payToItems()[pri:2, instance:cashWrapTest.TestCashWrapLoginPage@1aa7ecca] output={null}]]]>
              </value>
            </param>
          </params>
          <reporter-output>
          </reporter-output>
        </test-method> <!-- getResult -->
        <test-method is-config="true" signature="CloseBrowser()[pri:0, instance:cashWrapTest.TestCashWrapLoginPage@1aa7ecca]" started-at="2022-02-24T12:36:13 IST" name="CloseBrowser" finished-at="2022-02-24T12:36:14 IST" duration-ms="571" status="PASS">
          <reporter-output>
          </reporter-output>
        </test-method> <!-- CloseBrowser -->
      </class> <!-- cashWrapTest.TestCashWrapLoginPage -->
    </test> <!-- Default test -->
  </suite> <!-- Default suite -->
</testng-results>
